<?xml version="1.0" encoding="UTF-8"?>
<testsuite name="com.aor.numbers.ListAggregatorTest" tests="1" skipped="0" failures="0" errors="0" timestamp="2023-10-11T09:35:56" hostname="feup-b307d18" time="0.012">
  <properties/>
  <testcase name="distinct_bug_8726()" classname="com.aor.numbers.ListAggregatorTest" time="0.012"/>
  <system-out><![CDATA[]]></system-out>
  <system-err><![CDATA[]]></system-err>
</testsuite>
