<?xml version="1.0" encoding="UTF-8"?>
<testsuite name="com.aor.numbers.PositiveFilterTest" tests="1" skipped="0" failures="0" errors="0" timestamp="2023-10-15T22:15:37" hostname="DESKTOP-7CSA1TL" time="0.014">
  <properties/>
  <testcase name="filterPOS()" classname="com.aor.numbers.PositiveFilterTest" time="0.014"/>
  <system-out><![CDATA[]]></system-out>
  <system-err><![CDATA[]]></system-err>
</testsuite>
